#
# There is insufficient memory for the Java Runtime Environment to continue.
# Native memory allocation (malloc) failed to allocate 1048576 bytes for AllocateHeap
# Possible reasons:
#   The system is out of physical RAM or swap space
#   In 32 bit mode, the process size limit was hit
# Possible solutions:
#   Reduce memory load on the system
#   Increase physical memory or swap space
#   Check if swap backing store is full
#   Use 64 bit Java on a 64 bit OS
#   Decrease Java heap size (-Xmx/-Xms)
#   Decrease number of Java threads
#   Decrease Java thread stack sizes (-Xss)
#   Set larger code cache with -XX:ReservedCodeCacheSize=
# This output file may be truncated or incomplete.
#
#  Out of Memory Error (memory/allocation.inline.hpp:61), pid=25380, tid=0x00000000000054f0
#
# JRE version:  (8.0_191-b12) (build )
# Java VM: Java HotSpot(TM) 64-Bit Server VM (25.191-b12 mixed mode windows-amd64 compressed oops)
# Failed to write core dump. Minidumps are not enabled by default on client versions of Windows
#

---------------  T H R E A D  ---------------

Current thread (0x00000000029d3800):  JavaThread "Unknown thread" [_thread_in_vm, id=21744, stack(0x0000000002820000,0x0000000002920000)]

Stack: [0x0000000002820000,0x0000000002920000]
[error occurred during error reporting (printing stack bounds), id 0xc0000005]

Native frames: (J=compiled Java code, j=interpreted, Vv=VM code, C=native code)


---------------  P R O C E S S  ---------------

Java Threads: ( => current thread )

Other Threads:

=>0x00000000029d3800 (exited) JavaThread "Unknown thread" [_thread_in_vm, id=21744, stack(0x0000000002820000,0x0000000002920000)]

VM state:not at safepoint (normal execution)

VM Mutex/Monitor currently owned by a thread: None

Heap:
 PSYoungGen      total 37888K, used 655K [0x00000000d6780000, 0x00000000d9180000, 0x0000000100000000)
  eden space 32768K, 2% used [0x00000000d6780000,0x00000000d6823d80,0x00000000d8780000)
  from space 5120K, 0% used [0x00000000d8c80000,0x00000000d8c80000,0x00000000d9180000)
  to   space 5120K, 0% used [0x00000000d8780000,0x00000000d8780000,0x00000000d8c80000)
 ParOldGen       total 86016K, used 0K [0x0000000083600000, 0x0000000088a00000, 0x00000000d6780000)
  object space 86016K, 0% used [0x0000000083600000,0x0000000083600000,0x0000000088a00000)
 Metaspace       used 775K, capacity 4480K, committed 4480K, reserved 1056768K
  class space    used 76K, capacity 384K, committed 384K, reserved 1048576K

Card table byte_map: [0x0000000011e90000,0x0000000012280000] byte_map_base: 0x0000000011a75000

Marking Bits: (ParMarkBitMap*) 0x0000000062303e30
 Begin Bits: [0x0000000012d20000, 0x0000000014c48000)
 End Bits:   [0x0000000014c48000, 0x0000000016b70000)

Polling page: 0x0000000000fa0000

CodeCache: size=245760Kb used=328Kb max_used=328Kb free=245431Kb
 bounds [0x0000000002ad0000, 0x0000000002d40000, 0x0000000011ad0000]
 total_blobs=58 nmethods=0 adapters=38
 compilation: enabled

Compilation events (0 events):
No events

GC Heap History (0 events):
No events

Deoptimization events (0 events):
No events

Classes redefined (0 events):
No events

Internal exceptions (0 events):
No events

Events (10 events):
Event: 0.027 loading class java/lang/Short
Event: 0.027 loading class java/lang/Short done
Event: 0.027 loading class java/lang/Integer
Event: 0.027 loading class java/lang/Integer done
Event: 0.027 loading class java/lang/Long
Event: 0.027 loading class java/lang/Long done
Event: 0.027 loading class java/lang/NullPointerException
Event: 0.027 loading class java/lang/NullPointerException done
Event: 0.027 loading class java/lang/ArithmeticException
Event: 0.027 loading class java/lang/ArithmeticException done


Dynamic libraries:
0x00007ff64c040000 - 0x00007ff64c077000 	C:\Program Files\Java\jdk1.8.0_191\bin\javaw.exe
0x00007ffa3f010000 - 0x00007ffa3f226000 	C:\WINDOWS\SYSTEM32\ntdll.dll
0x00007ffa3d600000 - 0x00007ffa3d6c4000 	C:\WINDOWS\System32\KERNEL32.DLL
0x00007ffa3c730000 - 0x00007ffa3cad7000 	C:\WINDOWS\System32\KERNELBASE.dll
0x00007ffa3e900000 - 0x00007ffa3e9b2000 	C:\WINDOWS\System32\ADVAPI32.dll
0x00007ffa3ee60000 - 0x00007ffa3ef07000 	C:\WINDOWS\System32\msvcrt.dll
0x00007ffa3eb90000 - 0x00007ffa3ec38000 	C:\WINDOWS\System32\sechost.dll
0x00007ffa3c330000 - 0x00007ffa3c358000 	C:\WINDOWS\System32\bcrypt.dll
0x00007ffa3ed40000 - 0x00007ffa3ee55000 	C:\WINDOWS\System32\RPCRT4.dll
0x00007ffa3cef0000 - 0x00007ffa3d09e000 	C:\WINDOWS\System32\USER32.dll
0x00007ffa3cb50000 - 0x00007ffa3cb76000 	C:\WINDOWS\System32\win32u.dll
0x00007ffa3e530000 - 0x00007ffa3e559000 	C:\WINDOWS\System32\GDI32.dll
0x00007ffa3cb80000 - 0x00007ffa3cc99000 	C:\WINDOWS\System32\gdi32full.dll
0x00007ffa3cca0000 - 0x00007ffa3cd3a000 	C:\WINDOWS\System32\msvcp_win.dll
0x00007ffa3c360000 - 0x00007ffa3c471000 	C:\WINDOWS\System32\ucrtbase.dll
0x00007ffa1c1c0000 - 0x00007ffa1c453000 	C:\WINDOWS\WinSxS\amd64_microsoft.windows.common-controls_6595b64144ccf1df_6.0.22621.3235_none_270f74e173860f98\COMCTL32.dll
0x00007ffa3cd40000 - 0x00007ffa3cd71000 	C:\WINDOWS\System32\IMM32.DLL
0x0000000062390000 - 0x0000000062462000 	C:\Program Files\Java\jdk1.8.0_191\jre\bin\msvcr100.dll
0x0000000061ae0000 - 0x0000000062384000 	C:\Program Files\Java\jdk1.8.0_191\jre\bin\server\jvm.dll
0x00007ffa3d6d0000 - 0x00007ffa3d6d8000 	C:\WINDOWS\System32\PSAPI.DLL
0x00007ffa2dd20000 - 0x00007ffa2dd54000 	C:\WINDOWS\SYSTEM32\WINMM.dll
0x00007ffa38760000 - 0x00007ffa38769000 	C:\WINDOWS\SYSTEM32\WSOCK32.dll
0x00007ffa2c730000 - 0x00007ffa2c73a000 	C:\WINDOWS\SYSTEM32\VERSION.dll
0x00007ffa3d580000 - 0x00007ffa3d5f1000 	C:\WINDOWS\System32\WS2_32.dll
0x0000000062d00000 - 0x0000000062d0f000 	C:\Program Files\Java\jdk1.8.0_191\jre\bin\verify.dll
0x0000000062cd0000 - 0x0000000062cf9000 	C:\Program Files\Java\jdk1.8.0_191\jre\bin\java.dll
0x0000000062cb0000 - 0x0000000062cc6000 	C:\Program Files\Java\jdk1.8.0_191\jre\bin\zip.dll

VM Arguments:
jvm_args: -Dfile.encoding=UTF-8 -Dstdout.encoding=UTF-8 -Dstderr.encoding=UTF-8 
java_command: giaoDien.quanly.GD_QuanLy_ThongKeDoanhThu
java_class_path (initial): C:\Users\luong\OneDrive\Desktop\Git1_Cinema\cinema-management\target\classes;C:\Users\luong\.m2\repository\net\java\dev\timingframework\timingframework\1.0\timingframework-1.0.jar;C:\Users\luong\.m2\repository\com\toedter\jcalendar\1.4\jcalendar-1.4.jar;C:\Users\luong\.m2\repository\org\jdatepicker\jdatepicker\1.3.4\jdatepicker-1.3.4.jar;C:\Users\luong\.m2\repository\io\github\lzh0379\jdatepicker\2.0.3\jdatepicker-2.0.3.jar;C:\Users\luong\.m2\repository\org\swinglabs\swingx\swingx-core\1.6.5-1\swingx-core-1.6.5-1.jar;C:\Users\luong\.m2\repository\org\swinglabs\swingx\swingx-autocomplete\1.6.5-1\swingx-autocomplete-1.6.5-1.jar;C:\Users\luong\.m2\repository\org\swinglabs\swingx\swingx-common\1.6.5-1\swingx-common-1.6.5-1.jar;C:\Users\luong\.m2\repository\org\swinglabs\swingx\swingx-action\1.6.5-1\swingx-action-1.6.5-1.jar;C:\Users\luong\.m2\repository\org\swinglabs\swingx\swingx-plaf\1.6.5-1\swingx-plaf-1.6.5-1.jar;C:\Users\luong\.m2\repository\org\swinglabs\swingx\swingx-graphics\1.6.5-1\swingx-graphics-1.6.5-1.jar;C:\Users\luong\.m2\repository\org\swinglabs\swingx\swingx-painters\1.6.5-1\swingx-painters-1.6.5-1.jar;C:\Users\luong\.m2\repository\mysql\mysql-connector-java\8.0.27\mysql-connector-java-8.0.27.jar;C:\Users\luong\.m2\repository\com\google\protobuf\protobuf-java\3.11.4\protobuf-java-3.11.4.jar;C:\Users\luong\.m2\repository\org\hibernate\hibernate-entitymanager\5.6.5.Final\hibernate-entitymanager-5.6.5.Final.jar;C:\Users\luong\.m2\repository\org\jboss\logging\jboss-logging\3.4.3.Final\jboss-logging-3.4.3.Final.jar;C:\Users\luong\.m2\repository\org\hibernate\hibernate-core\5.6.5.Final\hibernate-core-5.6.5.Final.jar;C:\Users\luong\.m2\repository\antlr\antlr\2.7.7\antlr-2.7.7.jar;C:\Users\luong\.m2\repository\org\jboss\jandex\2.4.2.Final\jandex-2.4.2.Final.jar;C:\Users\luong\.m2\repository\com\fasterxml\classmate\1.5.1\classmate-1.5.1.jar;C:\Users\luong\.m2\repository\javax\activation\javax.activation-api\1.2.0\javax.activation-api
Launcher Type: SUN_STANDARD

Environment Variables:
JAVA_HOME=C:\Program Files\Java\jdk1.8.0_191
PATH=C:/Users/luong/.p2/pool/plugins/org.eclipse.justj.openjdk.hotspot.jre.full.win32.x86_64_17.0.9.v20231028-0858/jre/bin/server;C:/Users/luong/.p2/pool/plugins/org.eclipse.justj.openjdk.hotspot.jre.full.win32.x86_64_17.0.9.v20231028-0858/jre/bin;C:\Program Files (x86)\Common Files\Oracle\Java\javapath;C:\Program Files\Microsoft MPI\Bin\;C:\WINDOWS\system32;C:\WINDOWS;C:\WINDOWS\System32\Wbem;C:\WINDOWS\System32\WindowsPowerShell\v1.0\;C:\WINDOWS\System32\OpenSSH\;C:\Program Files (x86)\Microsoft SQL Server\160\Tools\Binn\;C:\Program Files\Microsoft SQL Server\160\Tools\Binn\;C:\Program Files\Microsoft SQL Server\Client SDK\ODBC\170\Tools\Binn\;C:\Program Files\Microsoft SQL Server\160\DTS\Binn\;C:\Program Files (x86)\Microsoft SQL Server\160\DTS\Binn\;C:\Program Files\Azure Data Studio\bin;C:\Program Files\Git\cmd;C:\Program Files\MongoDB\Server\5.0\bin;C:\Program Files\MongoDB\Tools\100\bin;C:\Program Files\nodejs\;C:\Program Files\Docker\Docker\resources\bin;C:\Program Files\Java\jdk1.8.0_191\bin;C:\apache-maven-3.6.0\bin;C:\Users\luong\AppData\Local\Microsoft\WindowsApps;;C:\Program Files\Azure Data Studio\bin;C:\Users\luong\AppData\Local\Programs\Microsoft VS Code\bin;C:\Users\luong\AppData\Local\Programs\mongosh\;C:\Users\luong\AppData\Roaming\npm;C:\Users\luong\OneDrive\Desktop;
USERNAME=luong
OS=Windows_NT
PROCESSOR_IDENTIFIER=Intel64 Family 6 Model 140 Stepping 1, GenuineIntel



---------------  S Y S T E M  ---------------

OS: Windows 10.0 , 64 bit Build 22621 (10.0.22621.3374)

CPU:total 8 (initial active 8) (4 cores per cpu, 2 threads per core) family 6 model 140 stepping 1, cmov, cx8, fxsr, mmx, sse, sse2, sse3, ssse3, sse4.1, sse4.2, popcnt, avx, avx2, aes, clmul, erms, 3dnowpref, lzcnt, ht, tsc, tscinvbit, bmi1, bmi2, adx

Memory: 4k page, physical 8166712k(449076k free), swap 33332536k(5664k free)

vm_info: Java HotSpot(TM) 64-Bit Server VM (25.191-b12) for windows-amd64 JRE (1.8.0_191-b12), built on Oct  6 2018 09:29:03 by "java_re" with MS VC++ 10.0 (VS2010)

time: Wed Apr 03 02:23:44 2024
elapsed time: 0 seconds (0d 0h 0m 0s)

